2026-02-19 08:20:05,260 [INFO] Activator:176 - 


2026-02-19 08:20:05,263 [INFO] Activator:177 - !SESSION log4j initialized
2026-02-19 08:20:06,972 [INFO] LogOutputStream:77 - [STDOUT_REDIRECT] 
2026-02-19 08:20:08,538 [INFO] ApplicationProperties:184 - Using Application install path: /opt/st/stm32cubeide_1.17.0/plugins/com.st.stm32cube.common.mx_6.13.0.202411220809
2026-02-19 08:20:08,565 [INFO] DbMcusXml:78 - Set database path to: /opt/st/stm32cubeide_1.17.0/plugins/com.st.stm32cube.common.mx_6.13.0.202411220809//db//mcu/
2026-02-19 08:20:08,565 [INFO] ApiDb:274 - Set plugin database path to: /opt/st/stm32cubeide_1.17.0/plugins/com.st.stm32cube.common.mx_6.13.0.202411220809//db//plugins/boardmanager/
2026-02-19 08:20:08,565 [WARN] ApiDb:259 - Overriding images path with different value:  => /opt/st/stm32cubeide_1.17.0/plugins/com.st.stm32cube.common.mx_6.13.0.202411220809//db//plugins/mcufinder/images/
2026-02-19 08:20:08,582 [INFO] ApiDb:250 - Set database path to: /home/lucasa/.stmcufinder/plugins/mcufinder//mcu/
2026-02-19 08:20:08,584 [INFO] DbMcusAds:125 - Set database path to: /home/lucasa/.stmcufinder/plugins/mcufinder//mcu/
2026-02-19 08:20:08,593 [INFO] CrossReferenceDbSqlite:203 - Set database path to: /home/lucasa/.stmcufinder/plugins/mcufinder//mcu/cs/
2026-02-19 08:20:08,710 [INFO] RulesReader:64 - Compatibility file has been processed (297 Rules)
2026-02-19 08:20:08,796 [INFO] DbMcusXml:78 - Set database path to: /opt/st/stm32cubeide_1.17.0/plugins/com.st.stm32cube.common.mx_6.13.0.202411220809//db//mcu/
2026-02-19 08:20:08,796 [INFO] ApiDb:274 - Set plugin database path to: /opt/st/stm32cubeide_1.17.0/plugins/com.st.stm32cube.common.mx_6.13.0.202411220809//db//plugins/boardmanager/
2026-02-19 08:20:08,797 [INFO] ApiDb:261 - Set plugin images path to: /opt/st/stm32cubeide_1.17.0/plugins/com.st.stm32cube.common.mx_6.13.0.202411220809//db//plugins/mcufinder/images/
2026-02-19 08:20:08,797 [WARN] DbFile:41 - Overriding database path with different value: /home/lucasa/.stmcufinder/plugins/mcufinder/ => /home/lucasa/.stmcufinder/plugins/mcufinder
2026-02-19 08:20:08,797 [INFO] ApiDb:250 - Set database path to: /home/lucasa/.stmcufinder/plugins/mcufinder//mcu/
2026-02-19 08:20:08,797 [WARN] DbFile:41 - Overriding database path with different value: /home/lucasa/.stmcufinder/plugins/mcufinder/ => /home/lucasa/.stmcufinder/plugins/mcufinder
2026-02-19 08:20:08,797 [INFO] DbMcusAds:125 - Set database path to: /home/lucasa/.stmcufinder/plugins/mcufinder//mcu/
2026-02-19 08:20:08,797 [WARN] DbFile:41 - Overriding database path with different value: /home/lucasa/.stmcufinder/plugins/mcufinder/ => /home/lucasa/.stmcufinder/plugins/mcufinder
2026-02-19 08:20:08,798 [WARN] DbFile:41 - Overriding database path with different value: /home/lucasa/.stmcufinder/plugins/mcufinder/ => /home/lucasa/.stmcufinder/plugins/mcufinder
2026-02-19 08:20:08,798 [INFO] CrossReferenceDbSqlite:203 - Set database path to: /home/lucasa/.stmcufinder/plugins/mcufinder//mcu/cs/
2026-02-19 08:20:08,890 [INFO] MainPanel:272 - HeapMemory: 268435456
2026-02-19 08:20:09,070 [INFO] DbMcusXml:78 - Set database path to: /opt/st/stm32cubeide_1.17.0/plugins/com.st.stm32cube.common.mx_6.13.0.202411220809//db//mcu/
2026-02-19 08:20:09,070 [INFO] ApiDb:274 - Set plugin database path to: /opt/st/stm32cubeide_1.17.0/plugins/com.st.stm32cube.common.mx_6.13.0.202411220809//db//plugins/boardmanager/
2026-02-19 08:20:09,070 [INFO] ApiDb:261 - Set plugin images path to: /opt/st/stm32cubeide_1.17.0/plugins/com.st.stm32cube.common.mx_6.13.0.202411220809//db//plugins/mcufinder/images/
2026-02-19 08:20:09,071 [WARN] DbFile:41 - Overriding database path with different value: /home/lucasa/.stmcufinder/plugins/mcufinder/ => /home/lucasa/.stmcufinder/plugins/mcufinder
2026-02-19 08:20:09,071 [INFO] ApiDb:250 - Set database path to: /home/lucasa/.stmcufinder/plugins/mcufinder//mcu/
2026-02-19 08:20:09,071 [WARN] DbFile:41 - Overriding database path with different value: /home/lucasa/.stmcufinder/plugins/mcufinder/ => /home/lucasa/.stmcufinder/plugins/mcufinder
2026-02-19 08:20:09,071 [INFO] DbMcusAds:125 - Set database path to: /home/lucasa/.stmcufinder/plugins/mcufinder//mcu/
2026-02-19 08:20:09,071 [WARN] DbFile:41 - Overriding database path with different value: /home/lucasa/.stmcufinder/plugins/mcufinder/ => /home/lucasa/.stmcufinder/plugins/mcufinder
2026-02-19 08:20:09,071 [WARN] DbFile:41 - Overriding database path with different value: /home/lucasa/.stmcufinder/plugins/mcufinder/ => /home/lucasa/.stmcufinder/plugins/mcufinder
2026-02-19 08:20:09,072 [INFO] CrossReferenceDbSqlite:203 - Set database path to: /home/lucasa/.stmcufinder/plugins/mcufinder//mcu/cs/
2026-02-19 08:20:09,089 [INFO] ApplicationProperties:184 - Using Application install path: /opt/st/stm32cubeide_1.17.0/plugins/com.st.stm32cube.common.mx_6.13.0.202411220809
2026-02-19 08:20:09,092 [INFO] PluginManage:196 - Search for loadable plugins [exclusion list=, ]
2026-02-19 08:20:09,093 [INFO] PluginManage:310 - Check plugin analytics
2026-02-19 08:20:09,293 [INFO] AnalyticsPlugin:253 - Accepted Software Licenses: 
2026-02-19 08:20:09,293 [INFO] AnalyticsPlugin:255 - Accepted CMSIS Pack Licenses: 
2026-02-19 08:20:09,294 [INFO] AnalyticsPlugin:257 - Accepted Firmware Licenses: 
2026-02-19 08:20:09,296 [INFO] PluginManage:359 - Loaded plugin analytics (category:tool,tabindex:-1)
2026-02-19 08:20:09,297 [INFO] PluginManage:310 - Check plugin cadmodel
2026-02-19 08:20:09,305 [INFO] CADModel:105 - Init CAD model plugin
2026-02-19 08:20:09,305 [INFO] PluginManage:359 - Loaded plugin cadmodel (category:power,tabindex:5)
2026-02-19 08:20:09,305 [INFO] PluginManage:310 - Check plugin clock
2026-02-19 08:20:09,320 [INFO] PluginManage:359 - Loaded plugin clock (category:base,tabindex:2)
2026-02-19 08:20:09,320 [INFO] PluginManage:310 - Check plugin ddr
2026-02-19 08:20:09,324 [INFO] PluginManage:359 - Loaded plugin ddr (category:tool,tabindex:6)
2026-02-19 08:20:09,325 [INFO] PluginManage:310 - Check plugin filemanager
2026-02-19 08:20:09,498 [INFO] PluginManage:359 - Loaded plugin filemanager (category:base,tabindex:10)
2026-02-19 08:20:09,499 [INFO] PluginManage:310 - Check plugin ipmanager
2026-02-19 08:20:09,519 [INFO] PluginManage:359 - Loaded plugin ipmanager (category:base,tabindex:5)
2026-02-19 08:20:09,519 [INFO] PluginManage:310 - Check plugin lpbam
2026-02-19 08:20:09,533 [INFO] PluginManage:359 - Loaded plugin lpbam (category:base,tabindex:0)
2026-02-19 08:20:09,533 [INFO] PluginManage:310 - Check plugin memorymap
2026-02-19 08:20:09,548 [INFO] PluginManage:359 - Loaded plugin memorymap (category:base,tabindex:4)
2026-02-19 08:20:09,548 [INFO] PluginManage:310 - Check plugin pinoutandconfiguration
2026-02-19 08:20:09,564 [INFO] PluginManage:359 - Loaded plugin pinoutandconfiguration (category:base,tabindex:1)
2026-02-19 08:20:09,564 [INFO] PluginManage:310 - Check plugin pinoutconfig
2026-02-19 08:20:09,654 [WARN] SupportedApi:132 - Cannot load RTOS API schema: s4s-elt-must-match.1: The content of 'definitions' must match (annotation?, (simpleType | complexType)?, (unique | key | keyref)*)). A problem was found starting at: attribute.
2026-02-19 08:20:09,833 [INFO] PluginManage:359 - Loaded plugin pinoutconfig (category:base,tabindex:0)
2026-02-19 08:20:09,833 [INFO] PluginManage:310 - Check plugin power
2026-02-19 08:20:09,848 [INFO] PluginManage:359 - Loaded plugin power (category:power,tabindex:4)
2026-02-19 08:20:09,848 [INFO] PluginManage:310 - Check plugin projectmanager
2026-02-19 08:20:09,861 [INFO] PluginManage:359 - Loaded plugin projectmanager (category:projectmanager,tabindex:4)
2026-02-19 08:20:09,862 [INFO] PluginManage:310 - Check plugin rif
2026-02-19 08:20:09,869 [INFO] PluginManage:359 - Loaded plugin rif (category:base,tabindex:3)
2026-02-19 08:20:09,870 [INFO] PluginManage:310 - Check plugin thirdparty
2026-02-19 08:20:10,003 [WARN] IntegrityCheckThread:84 - waiting for thirdparty lock release [integrity check]
2026-02-19 08:20:10,004 [INFO] IntegrityCheckThread:86 - entering critical section [integrity check]
2026-02-19 08:20:10,004 [INFO] PluginManage:359 - Loaded plugin thirdparty (category:base,tabindex:-1)
2026-02-19 08:20:10,004 [INFO] PluginManage:310 - Check plugin tools
2026-02-19 08:20:10,004 [INFO] ThirdPartyUpdaterWithRetryManager:70 - Updater plugin not ready yet. [1/15]
2026-02-19 08:20:10,007 [INFO] PluginManage:359 - Loaded plugin tools (category:base,tabindex:7)
2026-02-19 08:20:10,007 [INFO] PluginManage:310 - Check plugin tutovideos
2026-02-19 08:20:10,187 [INFO] PluginManage:359 - Loaded plugin tutovideos (category:base,tabindex:-1)
2026-02-19 08:20:10,187 [INFO] PluginManage:310 - Check plugin updater
2026-02-19 08:20:10,213 [INFO] PluginManage:359 - Loaded plugin updater (category:base,tabindex:12)
2026-02-19 08:20:10,213 [INFO] PluginManage:310 - Check plugin userauth
2026-02-19 08:20:10,217 [INFO] UserAuth:118 - Init User Auth plugin
2026-02-19 08:20:10,218 [INFO] PluginManage:359 - Loaded plugin userauth (category:base,tabindex:14)
2026-02-19 08:20:10,218 [INFO] PluginManage:283 - PluginManage : Loaded plugins [18]
2026-02-19 08:20:10,382 [INFO] PinOutPanel:1589 - setPackage(No Configuration,No Configuration)
2026-02-19 08:20:10,447 [INFO] CADModel:165 - CPN selected for project level
2026-02-19 08:20:10,447 [INFO] CADModel:114 - Register for checkConnection events
2026-02-19 08:20:10,459 [INFO] IPUIPlugin:80 - create IPUIPlugin
2026-02-19 08:20:10,459 [INFO] PluginManager:220 - loadIPPluginJar : add cryp
2026-02-19 08:20:10,462 [INFO] IPUIPlugin:80 - create IPUIPlugin
2026-02-19 08:20:10,462 [INFO] PluginManager:220 - loadIPPluginJar : add dfsdm
2026-02-19 08:20:10,468 [INFO] IPUIPlugin:80 - create IPUIPlugin
2026-02-19 08:20:10,468 [INFO] PluginManager:220 - loadIPPluginJar : add linkedlist
2026-02-19 08:20:10,470 [INFO] IPUIPlugin:80 - create IPUIPlugin
2026-02-19 08:20:10,470 [INFO] PluginManager:220 - loadIPPluginJar : add tsc
2026-02-19 08:20:10,472 [INFO] IPUIPlugin:80 - create IPUIPlugin
2026-02-19 08:20:10,472 [INFO] PluginManager:220 - loadIPPluginJar : add genericplugin
2026-02-19 08:20:10,480 [INFO] IPUIPlugin:80 - create IPUIPlugin
2026-02-19 08:20:10,484 [INFO] PluginManager:220 - loadIPPluginJar : add plateformsettings
2026-02-19 08:20:10,490 [INFO] IPUIPlugin:80 - create IPUIPlugin
2026-02-19 08:20:10,490 [INFO] PluginManager:220 - loadIPPluginJar : add gic
2026-02-19 08:20:10,493 [INFO] IPUIPlugin:80 - create IPUIPlugin
2026-02-19 08:20:10,493 [INFO] PluginManager:220 - loadIPPluginJar : add aes
2026-02-19 08:20:10,497 [INFO] IPUIPlugin:80 - create IPUIPlugin
2026-02-19 08:20:10,497 [INFO] PluginManager:220 - loadIPPluginJar : add gfxmmu
2026-02-19 08:20:10,500 [INFO] IPUIPlugin:80 - create IPUIPlugin
2026-02-19 08:20:10,500 [INFO] PluginManager:220 - loadIPPluginJar : add radio
2026-02-19 08:20:10,507 [INFO] IPUIPlugin:80 - create IPUIPlugin
2026-02-19 08:20:10,508 [INFO] PluginManager:220 - loadIPPluginJar : add mdma
2026-02-19 08:20:10,516 [INFO] IPUIPlugin:80 - create IPUIPlugin
2026-02-19 08:20:10,516 [INFO] PluginManager:220 - loadIPPluginJar : add stm32_wpan
2026-02-19 08:20:10,518 [INFO] IPUIPlugin:80 - create IPUIPlugin
2026-02-19 08:20:10,518 [INFO] PluginManager:220 - loadIPPluginJar : add fatfs
2026-02-19 08:20:10,520 [INFO] IPUIPlugin:80 - create IPUIPlugin
2026-02-19 08:20:10,520 [INFO] PluginManager:220 - loadIPPluginJar : add comp
2026-02-19 08:20:10,527 [INFO] IPUIPlugin:80 - create IPUIPlugin
2026-02-19 08:20:10,527 [INFO] PluginManager:220 - loadIPPluginJar : add freertos
2026-02-19 08:20:10,530 [INFO] IPUIPlugin:80 - create IPUIPlugin
2026-02-19 08:20:10,530 [INFO] PluginManager:220 - loadIPPluginJar : add usbx
2026-02-19 08:20:10,534 [INFO] IPUIPlugin:80 - create IPUIPlugin
2026-02-19 08:20:10,534 [INFO] PluginManager:220 - loadIPPluginJar : add openamp
2026-02-19 08:20:10,537 [INFO] IPUIPlugin:80 - create IPUIPlugin
2026-02-19 08:20:10,537 [INFO] PluginManager:220 - loadIPPluginJar : add i2s
2026-02-19 08:20:10,540 [INFO] IPUIPlugin:80 - create IPUIPlugin
2026-02-19 08:20:10,540 [INFO] PluginManager:220 - loadIPPluginJar : add hash
2026-02-19 08:20:10,544 [INFO] IPUIPlugin:80 - create IPUIPlugin
2026-02-19 08:20:10,544 [INFO] PluginManager:220 - loadIPPluginJar : add ddr_ctrl_phy
2026-02-19 08:20:10,548 [INFO] IPUIPlugin:80 - create IPUIPlugin
2026-02-19 08:20:10,548 [INFO] PluginManager:220 - loadIPPluginJar : add sai
2026-02-19 08:20:10,551 [INFO] IPUIPlugin:80 - create IPUIPlugin
2026-02-19 08:20:10,551 [INFO] PluginManager:220 - loadIPPluginJar : add i2c
2026-02-19 08:20:10,558 [INFO] IPUIPlugin:80 - create IPUIPlugin
2026-02-19 08:20:10,558 [INFO] PluginManager:220 - loadIPPluginJar : add adc
2026-02-19 08:20:10,561 [INFO] IPUIPlugin:80 - create IPUIPlugin
2026-02-19 08:20:10,561 [INFO] PluginManager:220 - loadIPPluginJar : add tracer_emb
2026-02-19 08:20:10,565 [INFO] IPUIPlugin:80 - create IPUIPlugin
2026-02-19 08:20:10,565 [INFO] PluginManager:220 - loadIPPluginJar : add ipddr
2026-02-19 08:20:10,567 [INFO] IPUIPlugin:80 - create IPUIPlugin
2026-02-19 08:20:10,567 [INFO] PluginManager:220 - loadIPPluginJar : add ts
2026-02-19 08:20:10,569 [INFO] IPUIPlugin:80 - create IPUIPlugin
2026-02-19 08:20:10,569 [INFO] PluginManager:220 - loadIPPluginJar : add quadspi
2026-02-19 08:20:10,572 [INFO] IPUIPlugin:80 - create IPUIPlugin
2026-02-19 08:20:10,572 [INFO] PluginManager:220 - loadIPPluginJar : add can
2026-02-19 08:20:10,577 [INFO] IPUIPlugin:80 - create IPUIPlugin
2026-02-19 08:20:10,577 [INFO] PluginManager:220 - loadIPPluginJar : add fmc
2026-02-19 08:20:10,581 [INFO] IPUIPlugin:80 - create IPUIPlugin
2026-02-19 08:20:10,581 [INFO] PluginManager:220 - loadIPPluginJar : add pdm2pcm
2026-02-19 08:20:10,586 [INFO] IPUIPlugin:80 - create IPUIPlugin
2026-02-19 08:20:10,586 [INFO] PluginManager:220 - loadIPPluginJar : add resmgrutility
2026-02-19 08:20:10,589 [INFO] IPUIPlugin:80 - create IPUIPlugin
2026-02-19 08:20:10,589 [INFO] PluginManager:220 - loadIPPluginJar : add gtzc
2026-02-19 08:20:10,592 [INFO] IPUIPlugin:80 - create IPUIPlugin
2026-02-19 08:20:10,592 [INFO] PluginManager:220 - loadIPPluginJar : add tim
2026-02-19 08:20:10,597 [INFO] IPUIPlugin:80 - create IPUIPlugin
2026-02-19 08:20:10,597 [INFO] PluginManager:220 - loadIPPluginJar : add touchsensing
2026-02-19 08:20:10,600 [INFO] IPUIPlugin:80 - create IPUIPlugin
2026-02-19 08:20:10,600 [INFO] PluginManager:220 - loadIPPluginJar : add i3c
2026-02-19 08:20:10,605 [INFO] IPUIPlugin:80 - create IPUIPlugin
2026-02-19 08:20:10,605 [INFO] PluginManager:220 - loadIPPluginJar : add nvic
2026-02-19 08:20:10,608 [INFO] IPUIPlugin:80 - create IPUIPlugin
2026-02-19 08:20:10,608 [INFO] PluginManager:220 - loadIPPluginJar : add dma3
2026-02-19 08:20:10,612 [INFO] IPUIPlugin:80 - create IPUIPlugin
2026-02-19 08:20:10,612 [INFO] PluginManager:220 - loadIPPluginJar : add opamp
2026-02-19 08:20:10,615 [INFO] IPUIPlugin:80 - create IPUIPlugin
2026-02-19 08:20:10,615 [INFO] PluginManager:220 - loadIPPluginJar : add usart
2026-02-19 08:20:10,617 [INFO] IPUIPlugin:80 - create IPUIPlugin
2026-02-19 08:20:10,618 [INFO] PluginManager:220 - loadIPPluginJar : add spi
2026-02-19 08:20:10,625 [INFO] IPUIPlugin:80 - create IPUIPlugin
2026-02-19 08:20:10,625 [INFO] PluginManager:220 - loadIPPluginJar : add gpio
2026-02-19 08:20:10,631 [INFO] IPUIPlugin:80 - create IPUIPlugin
2026-02-19 08:20:10,631 [INFO] PluginManager:220 - loadIPPluginJar : add dma
2026-02-19 08:20:10,633 [INFO] IPUIPlugin:80 - create IPUIPlugin
2026-02-19 08:20:10,633 [INFO] PluginManager:220 - loadIPPluginJar : add ltdc
2026-02-19 08:20:10,636 [INFO] IPUIPlugin:80 - create IPUIPlugin
2026-02-19 08:20:10,636 [INFO] PluginManager:220 - loadIPPluginJar : add lorawan
2026-02-19 08:20:10,639 [INFO] IPUIPlugin:80 - create IPUIPlugin
2026-02-19 08:20:10,639 [INFO] PluginManager:220 - loadIPPluginJar : add ucpd
2026-02-19 08:20:10,642 [INFO] IPUIPlugin:80 - create IPUIPlugin
2026-02-19 08:20:10,643 [INFO] PluginManager:220 - loadIPPluginJar : add extmemmanager
2026-02-19 08:20:10,753 [FATAL] Updater:351 - Updater called before beeing initialized
2026-02-19 08:20:10,781 [INFO] RulesReader:64 - Compatibility file has been processed (297 Rules)
2026-02-19 08:20:10,795 [INFO] RulesReader:64 - Compatibility file has been processed (297 Rules)
2026-02-19 08:20:10,802 [INFO] CADModel:165 - CPN selected for project level
2026-02-19 08:20:10,802 [INFO] CADModel:114 - Register for checkConnection events
2026-02-19 08:20:10,802 [FATAL] Updater:351 - Updater called before beeing initialized
2026-02-19 08:20:10,802 [ERROR] CADModel:125 - Updater not yet initialized, retry later 
2026-02-19 08:20:10,899 [FATAL] Updater:351 - Updater called before beeing initialized
2026-02-19 08:20:10,900 [INFO] CADModel:165 - CPN selected for project level
2026-02-19 08:20:10,900 [INFO] CADModel:114 - Register for checkConnection events
2026-02-19 08:20:10,900 [FATAL] Updater:351 - Updater called before beeing initialized
2026-02-19 08:20:10,901 [ERROR] CADModel:125 - Updater not yet initialized, retry later 
2026-02-19 08:20:10,903 [FATAL] Updater:351 - Updater called before beeing initialized
2026-02-19 08:20:10,961 [FATAL] Updater:351 - Updater called before beeing initialized
2026-02-19 08:20:10,965 [INFO] DbMcusAds:53 - JSON generation date=Tue Feb 10 13:16:36 CET 2026 (1770725796257)
2026-02-19 08:20:10,965 [FATAL] Updater:351 - Updater called before beeing initialized
2026-02-19 08:20:10,996 [WARN] DetailPanel:346 - Failed to get advertising image, set to default
2026-02-19 08:20:11,191 [FATAL] Updater:351 - Updater called before beeing initialized
2026-02-19 08:20:11,193 [FATAL] Updater:351 - Updater called before beeing initialized
2026-02-19 08:20:11,193 [FATAL] Updater:351 - Updater called before beeing initialized
2026-02-19 08:20:11,193 [WARN] DetailPanel:346 - Failed to get advertising image, set to default
2026-02-19 08:20:11,194 [FATAL] Updater:351 - Updater called before beeing initialized
2026-02-19 08:20:11,227 [ERROR] Updater:1198 - MainUpdater not yet initialized. External WinMGr cannot be set.
2026-02-19 08:20:11,230 [INFO] Updater:1134 - Updater Version found : 6.13.0
2026-02-19 08:20:11,244 [INFO] ApplicationProperties:184 - Using Application install path: /opt/st/stm32cubeide_1.17.0/plugins/com.st.stm32cube.common.mx_6.13.0.202411220809
2026-02-19 08:20:11,529 [INFO] MainUpdater:2872 - connection check result : 10
2026-02-19 08:20:11,529 [INFO] MainUpdater:3566 - Updater definition file requires update
2026-02-19 08:20:11,530 [INFO] MainUpdater:289 - Updater Check For Update Now.
2026-02-19 08:20:11,530 [INFO] MicroXplorer:498 - Change Database Version : DB.6.0.130
2026-02-19 08:20:11,537 [INFO] McuFinderGlobals:63 - Set McuFinder mode to 2 (CubeIDE integrated)
2026-02-19 08:20:11,537 [INFO] UserAuth:171 - activating auth plugin
2026-02-19 08:20:11,539 [INFO] ServerAccessManage:473 - Download File updaters.zip
2026-02-19 08:20:11,539 [INFO] UserAuth:486 - Internet connection configuration mode: 1
2026-02-19 08:20:11,564 [INFO] JxBrowserEngine:152 - Initiate JxBrowser Engine with user profile folder
2026-02-19 08:20:11,608 [INFO] FileExtend:240 - Unzip File : updaters.zip
2026-02-19 08:20:11,608 [INFO] FileExtend:255 - Standard Zip Deflate
2026-02-19 08:20:11,790 [INFO] ServerAccessManage:473 - Download File PacksControlFlags.xml
2026-02-19 08:20:11,855 [INFO] ServerAccessManage:473 - Download File cubemx.pidx
2026-02-19 08:20:12,202 [INFO] ServerAccessManage:473 - Download File STMicroelectronics.FP-SNS-MOTENVWB1.pdsc
2026-02-19 08:20:13,004 [WARN] MainUpdater:1193 - Updater busy. Cannot search thirdparties
2026-02-19 08:20:13,005 [INFO] ThirdPartyUpdaterWithRetryManager:96 - Updater plugin is busy. [1/15]
2026-02-19 08:20:13,274 [INFO] WebApp:168 - Instantiating new browser for Auth
2026-02-19 08:20:13,397 [WARN] PopulateThirdPartyThread:106 - Error when creating pack: /home/lucasa/.stm32cubemx/thirdparties/pdsc/STMicroelectronics.FP-SNS-MOTENVWB1.pdsc
2026-02-19 08:20:13,397 [INFO] PopulateThirdPartyThread:66 - Ending populate Thread
2026-02-19 08:20:13,397 [INFO] LoadServerUpdatesThread:375 - End of LoadServerUpdate Thread
2026-02-19 08:20:13,551 [INFO] CheckServerUpdateThread:120 - End of CheckServer Thread
2026-02-19 08:20:14,058 [INFO] WebApp:449 - Apply proxy settings
2026-02-19 08:20:14,058 [INFO] WebApp:534 - Chromium requires no authentication
2026-02-19 08:20:14,065 [INFO] WebApp:477 - Direct internet connection detected
2026-02-19 08:20:14,083 [INFO] WebApp:880 - Register for checkConnection events
2026-02-19 08:20:14,084 [INFO] WebApp:449 - Apply proxy settings
2026-02-19 08:20:14,084 [INFO] WebApp:534 - Chromium requires no authentication
2026-02-19 08:20:14,085 [INFO] WebApp:477 - Direct internet connection detected
2026-02-19 08:20:14,214 [INFO] WebApp:221 - Starting web application
2026-02-19 08:20:14,214 [INFO] WebApp:579 - Web application path used /opt/st/stm32cubeide_1.17.0/plugins/com.st.stm32cube.common.mx_6.13.0.202411220809/db/plugins/mcufinder/reactClient1/index.html
2026-02-19 08:20:14,327 [INFO] WebApp:187 - Connection restablished
2026-02-19 08:20:16,183 [WARN] PackLoader:240 - Cannot read IP mode file for STMicroelectronics.FP-SNS-MOTENVWB1.1.4.0
2026-02-19 08:20:16,190 [WARN] PackLoader:240 - Cannot read IP mode file for STMicroelectronics.FP-ATR-ASTRA1.2.0.2
2026-02-19 08:20:16,196 [WARN] PackLoader:240 - Cannot read IP mode file for STMicroelectronics.X-CUBE-SMBUS.2.1.0
2026-02-19 08:20:16,228 [WARN] PackLoader:240 - Cannot read IP mode file for STMicroelectronics.X-CUBE-AZRTOS-F7.1.1.0
2026-02-19 08:20:16,237 [ERROR] Engine:466 - /home/lucasa/.stm32cubemx/thirdparties/pdsc/STMicroelectronics.FP-SNS-MOTENV1.5.1.0.pdsc: PDSC version is not supported
2026-02-19 08:20:16,239 [ERROR] Engine:466 - /home/lucasa/.stm32cubemx/thirdparties/pdsc/WES.I-CUBE-Cesium.1.4.0.pdsc: PDSC version is not supported
2026-02-19 08:20:16,255 [WARN] PackLoader:240 - Cannot read IP mode file for STMicroelectronics.X-CUBE-AZRTOS-H7.3.4.0
2026-02-19 08:20:16,269 [WARN] PackLoader:240 - Cannot read IP mode file for STMicroelectronics.X-CUBE-DISPLAY.3.0.0
2026-02-19 08:20:16,285 [ERROR] Engine:466 - /home/lucasa/.stm32cubemx/thirdparties/pdsc/STMicroelectronics.FP-SNS-MOTENVWB1.1.5.0.pdsc: PDSC version is not supported
2026-02-19 08:20:16,290 [WARN] PackLoader:240 - Cannot read IP mode file for STMicroelectronics.X-CUBE-NFC10.1.0.0
2026-02-19 08:20:16,297 [WARN] PackLoader:240 - Cannot read IP mode file for STMicroelectronics.X-CUBE-ST60.1.1.0
2026-02-19 08:20:16,303 [WARN] PackLoader:240 - Cannot read IP mode file for emotas.I-CUBE-CANOPEN.1.3.0
2026-02-19 08:20:16,308 [WARN] PackLoader:240 - Cannot read IP mode file for STMicroelectronics.X-CUBE-GNSS1.7.1.0
2026-02-19 08:20:16,314 [ERROR] Engine:466 - /home/lucasa/.stm32cubemx/thirdparties/pdsc/STMicroelectronics.FP-SNS-STBOX1.2.1.0.pdsc: PDSC version is not supported
2026-02-19 08:20:16,317 [WARN] PackLoader:240 - Cannot read IP mode file for STMicroelectronics.FP-SNS-SMARTAG2.1.2.0
2026-02-19 08:20:16,321 [WARN] PackLoader:240 - Cannot read IP mode file for STMicroelectronics.FP-SNS-FLIGHT1.5.1.0
2026-02-19 08:20:16,328 [INFO] LogOutputStream:77 - [STDOUT_REDIRECT] 1 : Invalid condition id : UX_CORESTACK_Condition cause : null
2026-02-19 08:20:16,328 [INFO] LogOutputStream:77 - [STDOUT_REDIRECT] 1 : Invalid condition id : UX_CORESTACK_Condition cause : null
2026-02-19 08:20:16,329 [INFO] LogOutputStream:77 - [STDOUT_REDIRECT] 1 : Invalid condition id : UX_CORESTACK_Condition cause : null
2026-02-19 08:20:16,329 [INFO] LogOutputStream:77 - [STDOUT_REDIRECT] 1 : Invalid condition id : UX_CORESTACK_Condition cause : null
2026-02-19 08:20:16,329 [INFO] LogOutputStream:77 - [STDOUT_REDIRECT] 1 : Invalid condition id : UX_CORESTACK_Condition cause : null
2026-02-19 08:20:16,331 [WARN] PackLoader:240 - Cannot read IP mode file for STMicroelectronics.X-CUBE-AZRTOS-WL.2.0.0
2026-02-19 08:20:16,346 [WARN] PackLoader:240 - Cannot read IP mode file for STMicroelectronics.X-CUBE-AZRTOS-H7RS.1.2.0
2026-02-19 08:20:16,355 [WARN] PackLoader:240 - Cannot read IP mode file for STMicroelectronics.X-CUBE-BLE2.3.3.0
2026-02-19 08:20:16,377 [WARN] PackLoader:240 - Cannot read IP mode file for Infineon.AIROC-Wi-Fi-Bluetooth-STM32.1.8.0
2026-02-19 08:20:16,395 [WARN] PackLoader:240 - Cannot read IP mode file for STMicroelectronics.X-CUBE-NFC9.1.0.0
2026-02-19 08:20:16,402 [WARN] PackLoader:240 - Cannot read IP mode file for STMicroelectronics.X-CUBE-BLE1.7.1.0
2026-02-19 08:20:16,405 [WARN] PackLoader:240 - Cannot read IP mode file for wolfSSL.I-CUBE-wolfMQTT.1.19.2
2026-02-19 08:20:16,408 [ERROR] Engine:466 - /home/lucasa/.stm32cubemx/thirdparties/pdsc/STMicroelectronics.X-CUBE-FREERTOS.1.4.0.pdsc: PDSC version is not supported
2026-02-19 08:20:16,411 [WARN] PackLoader:240 - Cannot read IP mode file for STMicroelectronics.X-CUBE-EEPRMA1.5.2.0
2026-02-19 08:20:16,420 [WARN] PackLoader:240 - Cannot read IP mode file for wolfSSL.I-CUBE-wolfSSL.5.8.4
2026-02-19 08:20:16,424 [WARN] PackLoader:240 - Cannot read IP mode file for Cesanta.I-CUBE-Mongoose.7.20.0
2026-02-19 08:20:16,453 [WARN] PackLoader:240 - Cannot read IP mode file for STMicroelectronics.X-CUBE-MEMS1.12.0.0
2026-02-19 08:20:16,704 [WARN] PackLoader:240 - Cannot read IP mode file for STMicroelectronics.X-CUBE-AZRTOS-G0.1.1.0
2026-02-19 08:20:16,710 [WARN] PackLoader:240 - Cannot read IP mode file for STMicroelectronics.X-CUBE-NFC4.3.0.0
2026-02-19 08:20:16,719 [WARN] PackLoader:240 - Cannot read IP mode file for EmbeddedOffice.I-CUBE-FS-RTOS.1.0.1
2026-02-19 08:20:16,725 [WARN] PackLoader:240 - Cannot read IP mode file for STMicroelectronics.X-CUBE-WB05N.2.0.0
2026-02-19 08:20:16,729 [WARN] PackLoader:240 - Cannot read IP mode file for wolfSSL.I-CUBE-wolfTPM.3.8.0
2026-02-19 08:20:16,732 [WARN] PackLoader:240 - Cannot read IP mode file for STMicroelectronics.X-CUBE-TCPP.4.2.0
2026-02-19 08:20:16,740 [WARN] PackLoader:240 - Cannot read IP mode file for RealThread.X-CUBE-RT-Thread_Nano.4.1.1
2026-02-19 08:20:16,744 [WARN] PackLoader:240 - Cannot read IP mode file for STMicroelectronics.FP-ATR-SIGFOX1.3.2.0
2026-02-19 08:20:16,748 [WARN] PackLoader:240 - Cannot read IP mode file for ITTIA_DB.I-CUBE-ITTIADB.8.9.0
2026-02-19 08:20:16,753 [WARN] PackLoader:240 - Cannot read IP mode file for STMicroelectronics.X-CUBE-NFC6.3.2.0
2026-02-19 08:20:16,761 [WARN] PackLoader:240 - Cannot read IP mode file for STMicroelectronics.X-CUBE-AI.10.2.0
2026-02-19 08:20:16,779 [WARN] PackLoader:240 - Cannot read IP mode file for SEGGER.I-CUBE-embOS.1.3.1
2026-02-19 08:20:16,886 [WARN] PackLoader:240 - Cannot read IP mode file for STMicroelectronics.X-CUBE-ALGOBUILD.1.4.0
2026-02-19 08:20:16,891 [WARN] PackLoader:240 - Cannot read IP mode file for STMicroelectronics.X-CUBE-PM33A1.1.0.0
2026-02-19 08:20:16,903 [WARN] PackLoader:240 - Cannot read IP mode file for STMicroelectronics.X-CUBE-AZRTOS-F4.1.1.0
2026-02-19 08:20:16,910 [WARN] PackLoader:240 - Cannot read IP mode file for STMicroelectronics.X-CUBE-ISPU.2.1.0
2026-02-19 08:20:16,915 [ERROR] Engine:466 - /home/lucasa/.stm32cubemx/thirdparties/pdsc/STMicroelectronics.X-CUBE-IPS.3.2.0.pdsc: PDSC version is not supported
2026-02-19 08:20:16,919 [WARN] PackLoader:240 - Cannot read IP mode file for STMicroelectronics.X-CUBE-NFC12.1.0.0
2026-02-19 08:20:16,933 [WARN] PackLoader:240 - Cannot read IP mode file for STMicroelectronics.X-CUBE-AZRTOS-L5.2.0.0
2026-02-19 08:20:16,941 [WARN] PackLoader:240 - Cannot read IP mode file for STMicroelectronics.X-CUBE-TOUCHGFX.4.26.0
2026-02-19 08:20:16,944 [WARN] PackLoader:240 - Cannot read IP mode file for STMicroelectronics.FP-SNS-STAIOTCFT.1.0.0
2026-02-19 08:20:16,948 [WARN] PackLoader:240 - Cannot read IP mode file for STMicroelectronics.X-CUBE-DPower.1.3.0
2026-02-19 08:20:16,959 [WARN] ConditionMgr:438 - getConditionDescription Invalid condition id : LAN8742 Phy interface Condition cause : null
2026-02-19 08:20:16,960 [WARN] PackLoader:240 - Cannot read IP mode file for STMicroelectronics.X-CUBE-AZRTOS-L4.2.0.0
2026-02-19 08:20:16,961 [WARN] ConditionMgr:1044 - genDependencies : Invalid condition id : LAN8742 Phy interface Condition cause : null
2026-02-19 08:20:16,962 [WARN] ConditionMgr:1044 - genDependencies : Invalid condition id : LAN8742 Phy interface Condition cause : null
2026-02-19 08:20:16,963 [WARN] ConditionMgr:1044 - genDependencies : Invalid condition id : LAN8742 Phy interface Condition cause : null
2026-02-19 08:20:16,969 [WARN] PackLoader:240 - Cannot read IP mode file for STMicroelectronics.X-CUBE-SFXS2LP1.4.0.0
2026-02-19 08:20:16,976 [ERROR] Engine:466 - /home/lucasa/.stm32cubemx/thirdparties/pdsc/STMicroelectronics.X-CUBE-ST67W61.1.2.0.pdsc: PDSC version is not supported
2026-02-19 08:20:16,981 [WARN] PackLoader:240 - Cannot read IP mode file for STMicroelectronics.X-CUBE-BLEMGR.4.1.0
2026-02-19 08:20:17,018 [WARN] ConditionMgr:438 - getConditionDescription Invalid condition id : UX DEVICE CLASS RTOS Condition cause : null
2026-02-19 08:20:17,018 [WARN] ConditionMgr:438 - getConditionDescription Invalid condition id : UX DEVICE CLASS RTOS Condition cause : null
2026-02-19 08:20:17,020 [WARN] PackLoader:240 - Cannot read IP mode file for STMicroelectronics.X-CUBE-AZRTOS-WB.2.0.0
2026-02-19 08:20:17,021 [WARN] ConditionMgr:1044 - genDependencies : Invalid condition id : UX DEVICE CLASS RTOS Condition cause : null
2026-02-19 08:20:17,022 [WARN] ConditionMgr:1044 - genDependencies : Invalid condition id : UX DEVICE CLASS RTOS Condition cause : null
2026-02-19 08:20:17,023 [WARN] ConditionMgr:1044 - genDependencies : Invalid condition id : UX DEVICE CLASS RTOS Condition cause : null
2026-02-19 08:20:17,023 [WARN] ConditionMgr:1044 - genDependencies : Invalid condition id : UX DEVICE CLASS RTOS Condition cause : null
2026-02-19 08:20:17,023 [WARN] ConditionMgr:1044 - genDependencies : Invalid condition id : UX DEVICE CLASS RTOS Condition cause : null
2026-02-19 08:20:17,027 [WARN] ConditionMgr:438 - getConditionDescription Invalid condition id : Cortex-A Device cause : null
2026-02-19 08:20:17,031 [WARN] ConditionMgr:1044 - genDependencies : Invalid condition id : Cortex-A Device cause : null
2026-02-19 08:20:17,032 [WARN] ConditionMgr:1044 - genDependencies : Invalid condition id : Cortex-A Device cause : null
2026-02-19 08:20:17,032 [WARN] ConditionMgr:1044 - genDependencies : Invalid condition id : Cortex-A Device cause : null
2026-02-19 08:20:17,037 [WARN] PackLoader:240 - Cannot read IP mode file for STMicroelectronics.X-CUBE-STSE01.2.0.0
2026-02-19 08:20:17,052 [WARN] PackLoader:240 - Cannot read IP mode file for STMicroelectronics.X-CUBE-SUBG2.5.0.0
2026-02-19 08:20:17,083 [WARN] PackLoader:240 - Cannot read IP mode file for STMicroelectronics.X-CUBE-AZRTOS-G4.2.0.0
2026-02-19 08:20:17,090 [WARN] PackLoader:240 - Cannot read IP mode file for wolfSSL.I-CUBE-wolfSSH.1.4.20
2026-02-19 08:20:17,094 [WARN] PackLoader:240 - Cannot read IP mode file for STMicroelectronics.X-CUBE-NFC7.2.0.0
2026-02-19 08:20:17,101 [WARN] PackLoader:240 - Cannot read IP mode file for STMicroelectronics.X-CUBE-ALS.1.0.2
2026-02-19 08:20:17,110 [WARN] PackLoader:240 - Cannot read IP mode file for STMicroelectronics.X-CUBE-TOF1.3.4.3
2026-02-19 08:20:17,151 [INFO] ThirdParty:978 - Integrity check success = true
2026-02-19 08:20:17,152 [INFO] IntegrityCheckThread:100 - exiting critical section [integrity check]
2026-02-19 08:20:17,152 [INFO] IntegrityCheckThread:103 - End integrity checks thread
2026-02-19 08:23:48,348 [ERROR] LogOutputStream:75 - [STDERR_REDIRECT] 
2026-02-19 08:25:32,316 [INFO] Activator:176 - 


2026-02-19 08:25:32,319 [INFO] Activator:177 - !SESSION log4j initialized
2026-02-19 08:25:34,152 [INFO] LogOutputStream:77 - [STDOUT_REDIRECT] 
2026-02-19 08:25:35,608 [INFO] ApplicationProperties:184 - Using Application install path: /opt/st/stm32cubeide_1.17.0/plugins/com.st.stm32cube.common.mx_6.13.0.202411220809
2026-02-19 08:25:35,621 [INFO] DbMcusXml:78 - Set database path to: /opt/st/stm32cubeide_1.17.0/plugins/com.st.stm32cube.common.mx_6.13.0.202411220809//db//mcu/
2026-02-19 08:25:35,621 [INFO] ApiDb:274 - Set plugin database path to: /opt/st/stm32cubeide_1.17.0/plugins/com.st.stm32cube.common.mx_6.13.0.202411220809//db//plugins/boardmanager/
2026-02-19 08:25:35,621 [WARN] ApiDb:259 - Overriding images path with different value:  => /opt/st/stm32cubeide_1.17.0/plugins/com.st.stm32cube.common.mx_6.13.0.202411220809//db//plugins/mcufinder/images/
2026-02-19 08:25:35,625 [INFO] ApiDb:250 - Set database path to: /home/lucasa/.stmcufinder/plugins/mcufinder//mcu/
2026-02-19 08:25:35,626 [INFO] DbMcusAds:125 - Set database path to: /home/lucasa/.stmcufinder/plugins/mcufinder//mcu/
2026-02-19 08:25:35,627 [INFO] CrossReferenceDbSqlite:203 - Set database path to: /home/lucasa/.stmcufinder/plugins/mcufinder//mcu/cs/
2026-02-19 08:25:35,725 [INFO] RulesReader:64 - Compatibility file has been processed (297 Rules)
2026-02-19 08:25:35,788 [INFO] DbMcusXml:78 - Set database path to: /opt/st/stm32cubeide_1.17.0/plugins/com.st.stm32cube.common.mx_6.13.0.202411220809//db//mcu/
2026-02-19 08:25:35,788 [INFO] ApiDb:274 - Set plugin database path to: /opt/st/stm32cubeide_1.17.0/plugins/com.st.stm32cube.common.mx_6.13.0.202411220809//db//plugins/boardmanager/
2026-02-19 08:25:35,788 [INFO] ApiDb:261 - Set plugin images path to: /opt/st/stm32cubeide_1.17.0/plugins/com.st.stm32cube.common.mx_6.13.0.202411220809//db//plugins/mcufinder/images/
2026-02-19 08:25:35,789 [WARN] DbFile:41 - Overriding database path with different value: /home/lucasa/.stmcufinder/plugins/mcufinder/ => /home/lucasa/.stmcufinder/plugins/mcufinder
2026-02-19 08:25:35,789 [INFO] ApiDb:250 - Set database path to: /home/lucasa/.stmcufinder/plugins/mcufinder//mcu/
2026-02-19 08:25:35,789 [WARN] DbFile:41 - Overriding database path with different value: /home/lucasa/.stmcufinder/plugins/mcufinder/ => /home/lucasa/.stmcufinder/plugins/mcufinder
2026-02-19 08:25:35,789 [INFO] DbMcusAds:125 - Set database path to: /home/lucasa/.stmcufinder/plugins/mcufinder//mcu/
2026-02-19 08:25:35,789 [WARN] DbFile:41 - Overriding database path with different value: /home/lucasa/.stmcufinder/plugins/mcufinder/ => /home/lucasa/.stmcufinder/plugins/mcufinder
2026-02-19 08:25:35,789 [WARN] DbFile:41 - Overriding database path with different value: /home/lucasa/.stmcufinder/plugins/mcufinder/ => /home/lucasa/.stmcufinder/plugins/mcufinder
2026-02-19 08:25:35,789 [INFO] CrossReferenceDbSqlite:203 - Set database path to: /home/lucasa/.stmcufinder/plugins/mcufinder//mcu/cs/
2026-02-19 08:25:35,840 [INFO] MainPanel:272 - HeapMemory: 268435456
2026-02-19 08:25:35,941 [INFO] DbMcusXml:78 - Set database path to: /opt/st/stm32cubeide_1.17.0/plugins/com.st.stm32cube.common.mx_6.13.0.202411220809//db//mcu/
2026-02-19 08:25:35,941 [INFO] ApiDb:274 - Set plugin database path to: /opt/st/stm32cubeide_1.17.0/plugins/com.st.stm32cube.common.mx_6.13.0.202411220809//db//plugins/boardmanager/
2026-02-19 08:25:35,941 [INFO] ApiDb:261 - Set plugin images path to: /opt/st/stm32cubeide_1.17.0/plugins/com.st.stm32cube.common.mx_6.13.0.202411220809//db//plugins/mcufinder/images/
2026-02-19 08:25:35,942 [WARN] DbFile:41 - Overriding database path with different value: /home/lucasa/.stmcufinder/plugins/mcufinder/ => /home/lucasa/.stmcufinder/plugins/mcufinder
2026-02-19 08:25:35,942 [INFO] ApiDb:250 - Set database path to: /home/lucasa/.stmcufinder/plugins/mcufinder//mcu/
2026-02-19 08:25:35,942 [WARN] DbFile:41 - Overriding database path with different value: /home/lucasa/.stmcufinder/plugins/mcufinder/ => /home/lucasa/.stmcufinder/plugins/mcufinder
2026-02-19 08:25:35,942 [INFO] DbMcusAds:125 - Set database path to: /home/lucasa/.stmcufinder/plugins/mcufinder//mcu/
2026-02-19 08:25:35,942 [WARN] DbFile:41 - Overriding database path with different value: /home/lucasa/.stmcufinder/plugins/mcufinder/ => /home/lucasa/.stmcufinder/plugins/mcufinder
2026-02-19 08:25:35,942 [WARN] DbFile:41 - Overriding database path with different value: /home/lucasa/.stmcufinder/plugins/mcufinder/ => /home/lucasa/.stmcufinder/plugins/mcufinder
2026-02-19 08:25:35,942 [INFO] CrossReferenceDbSqlite:203 - Set database path to: /home/lucasa/.stmcufinder/plugins/mcufinder//mcu/cs/
2026-02-19 08:25:35,956 [INFO] ApplicationProperties:184 - Using Application install path: /opt/st/stm32cubeide_1.17.0/plugins/com.st.stm32cube.common.mx_6.13.0.202411220809
2026-02-19 08:25:35,958 [INFO] PluginManage:196 - Search for loadable plugins [exclusion list=, ]
2026-02-19 08:25:35,958 [INFO] PluginManage:310 - Check plugin analytics
2026-02-19 08:25:36,117 [INFO] AnalyticsPlugin:253 - Accepted Software Licenses: 
2026-02-19 08:25:36,117 [INFO] AnalyticsPlugin:255 - Accepted CMSIS Pack Licenses: 
2026-02-19 08:25:36,117 [INFO] AnalyticsPlugin:257 - Accepted Firmware Licenses: 
2026-02-19 08:25:36,120 [INFO] PluginManage:359 - Loaded plugin analytics (category:tool,tabindex:-1)
2026-02-19 08:25:36,121 [INFO] PluginManage:310 - Check plugin cadmodel
2026-02-19 08:25:36,124 [INFO] CADModel:105 - Init CAD model plugin
2026-02-19 08:25:36,124 [INFO] PluginManage:359 - Loaded plugin cadmodel (category:power,tabindex:5)
2026-02-19 08:25:36,124 [INFO] PluginManage:310 - Check plugin clock
2026-02-19 08:25:36,134 [INFO] PluginManage:359 - Loaded plugin clock (category:base,tabindex:2)
2026-02-19 08:25:36,134 [INFO] PluginManage:310 - Check plugin ddr
2026-02-19 08:25:36,136 [INFO] PluginManage:359 - Loaded plugin ddr (category:tool,tabindex:6)
2026-02-19 08:25:36,136 [INFO] PluginManage:310 - Check plugin filemanager
2026-02-19 08:25:36,249 [INFO] PluginManage:359 - Loaded plugin filemanager (category:base,tabindex:10)
2026-02-19 08:25:36,250 [INFO] PluginManage:310 - Check plugin ipmanager
2026-02-19 08:25:36,254 [INFO] PluginManage:359 - Loaded plugin ipmanager (category:base,tabindex:5)
2026-02-19 08:25:36,254 [INFO] PluginManage:310 - Check plugin lpbam
2026-02-19 08:25:36,262 [INFO] PluginManage:359 - Loaded plugin lpbam (category:base,tabindex:0)
2026-02-19 08:25:36,262 [INFO] PluginManage:310 - Check plugin memorymap
2026-02-19 08:25:36,274 [INFO] PluginManage:359 - Loaded plugin memorymap (category:base,tabindex:4)
2026-02-19 08:25:36,274 [INFO] PluginManage:310 - Check plugin pinoutandconfiguration
2026-02-19 08:25:36,283 [INFO] PluginManage:359 - Loaded plugin pinoutandconfiguration (category:base,tabindex:1)
2026-02-19 08:25:36,283 [INFO] PluginManage:310 - Check plugin pinoutconfig
2026-02-19 08:25:36,402 [WARN] SupportedApi:132 - Cannot load RTOS API schema: s4s-elt-must-match.1: The content of 'definitions' must match (annotation?, (simpleType | complexType)?, (unique | key | keyref)*)). A problem was found starting at: attribute.
2026-02-19 08:25:36,557 [INFO] PluginManage:359 - Loaded plugin pinoutconfig (category:base,tabindex:0)
2026-02-19 08:25:36,558 [INFO] PluginManage:310 - Check plugin power
2026-02-19 08:25:36,566 [INFO] PluginManage:359 - Loaded plugin power (category:power,tabindex:4)
2026-02-19 08:25:36,566 [INFO] PluginManage:310 - Check plugin projectmanager
2026-02-19 08:25:36,579 [INFO] PluginManage:359 - Loaded plugin projectmanager (category:projectmanager,tabindex:4)
2026-02-19 08:25:36,580 [INFO] PluginManage:310 - Check plugin rif
2026-02-19 08:25:36,584 [INFO] PluginManage:359 - Loaded plugin rif (category:base,tabindex:3)
2026-02-19 08:25:36,584 [INFO] PluginManage:310 - Check plugin thirdparty
2026-02-19 08:25:36,681 [INFO] PluginManage:359 - Loaded plugin thirdparty (category:base,tabindex:-1)
2026-02-19 08:25:36,681 [WARN] IntegrityCheckThread:84 - waiting for thirdparty lock release [integrity check]
2026-02-19 08:25:36,681 [INFO] PluginManage:310 - Check plugin tools
2026-02-19 08:25:36,681 [INFO] IntegrityCheckThread:86 - entering critical section [integrity check]
2026-02-19 08:25:36,682 [INFO] ThirdPartyUpdaterWithRetryManager:70 - Updater plugin not ready yet. [1/15]
2026-02-19 08:25:36,683 [INFO] PluginManage:359 - Loaded plugin tools (category:base,tabindex:7)
2026-02-19 08:25:36,683 [INFO] PluginManage:310 - Check plugin tutovideos
2026-02-19 08:25:36,833 [INFO] PluginManage:359 - Loaded plugin tutovideos (category:base,tabindex:-1)
2026-02-19 08:25:36,833 [INFO] PluginManage:310 - Check plugin updater
2026-02-19 08:25:36,850 [INFO] PluginManage:359 - Loaded plugin updater (category:base,tabindex:12)
2026-02-19 08:25:36,850 [INFO] PluginManage:310 - Check plugin userauth
2026-02-19 08:25:36,853 [INFO] UserAuth:118 - Init User Auth plugin
2026-02-19 08:25:36,854 [INFO] PluginManage:359 - Loaded plugin userauth (category:base,tabindex:14)
2026-02-19 08:25:36,854 [INFO] PluginManage:283 - PluginManage : Loaded plugins [18]
2026-02-19 08:25:37,013 [INFO] PinOutPanel:1589 - setPackage(No Configuration,No Configuration)
2026-02-19 08:25:37,069 [INFO] CADModel:165 - CPN selected for project level
2026-02-19 08:25:37,069 [INFO] CADModel:114 - Register for checkConnection events
2026-02-19 08:25:37,078 [INFO] IPUIPlugin:80 - create IPUIPlugin
2026-02-19 08:25:37,078 [INFO] PluginManager:220 - loadIPPluginJar : add cryp
2026-02-19 08:25:37,080 [INFO] IPUIPlugin:80 - create IPUIPlugin
2026-02-19 08:25:37,080 [INFO] PluginManager:220 - loadIPPluginJar : add dfsdm
2026-02-19 08:25:37,085 [INFO] IPUIPlugin:80 - create IPUIPlugin
2026-02-19 08:25:37,085 [INFO] PluginManager:220 - loadIPPluginJar : add linkedlist
2026-02-19 08:25:37,087 [INFO] IPUIPlugin:80 - create IPUIPlugin
2026-02-19 08:25:37,087 [INFO] PluginManager:220 - loadIPPluginJar : add tsc
2026-02-19 08:25:37,088 [INFO] IPUIPlugin:80 - create IPUIPlugin
2026-02-19 08:25:37,088 [INFO] PluginManager:220 - loadIPPluginJar : add genericplugin
2026-02-19 08:25:37,094 [INFO] IPUIPlugin:80 - create IPUIPlugin
2026-02-19 08:25:37,097 [INFO] PluginManager:220 - loadIPPluginJar : add plateformsettings
2026-02-19 08:25:37,101 [INFO] IPUIPlugin:80 - create IPUIPlugin
2026-02-19 08:25:37,102 [INFO] PluginManager:220 - loadIPPluginJar : add gic
2026-02-19 08:25:37,104 [INFO] IPUIPlugin:80 - create IPUIPlugin
2026-02-19 08:25:37,104 [INFO] PluginManager:220 - loadIPPluginJar : add aes
2026-02-19 08:25:37,106 [INFO] IPUIPlugin:80 - create IPUIPlugin
2026-02-19 08:25:37,106 [INFO] PluginManager:220 - loadIPPluginJar : add gfxmmu
2026-02-19 08:25:37,107 [INFO] IPUIPlugin:80 - create IPUIPlugin
2026-02-19 08:25:37,108 [INFO] PluginManager:220 - loadIPPluginJar : add radio
2026-02-19 08:25:37,112 [INFO] IPUIPlugin:80 - create IPUIPlugin
2026-02-19 08:25:37,113 [INFO] PluginManager:220 - loadIPPluginJar : add mdma
2026-02-19 08:25:37,118 [INFO] IPUIPlugin:80 - create IPUIPlugin
2026-02-19 08:25:37,118 [INFO] PluginManager:220 - loadIPPluginJar : add stm32_wpan
2026-02-19 08:25:37,120 [INFO] IPUIPlugin:80 - create IPUIPlugin
2026-02-19 08:25:37,120 [INFO] PluginManager:220 - loadIPPluginJar : add fatfs
2026-02-19 08:25:37,121 [INFO] IPUIPlugin:80 - create IPUIPlugin
2026-02-19 08:25:37,121 [INFO] PluginManager:220 - loadIPPluginJar : add comp
2026-02-19 08:25:37,126 [INFO] IPUIPlugin:80 - create IPUIPlugin
2026-02-19 08:25:37,126 [INFO] PluginManager:220 - loadIPPluginJar : add freertos
2026-02-19 08:25:37,129 [INFO] IPUIPlugin:80 - create IPUIPlugin
2026-02-19 08:25:37,129 [INFO] PluginManager:220 - loadIPPluginJar : add usbx
2026-02-19 08:25:37,131 [INFO] IPUIPlugin:80 - create IPUIPlugin
2026-02-19 08:25:37,131 [INFO] PluginManager:220 - loadIPPluginJar : add openamp
2026-02-19 08:25:37,134 [INFO] IPUIPlugin:80 - create IPUIPlugin
2026-02-19 08:25:37,134 [INFO] PluginManager:220 - loadIPPluginJar : add i2s
2026-02-19 08:25:37,136 [INFO] IPUIPlugin:80 - create IPUIPlugin
2026-02-19 08:25:37,136 [INFO] PluginManager:220 - loadIPPluginJar : add hash
2026-02-19 08:25:37,138 [INFO] IPUIPlugin:80 - create IPUIPlugin
2026-02-19 08:25:37,138 [INFO] PluginManager:220 - loadIPPluginJar : add ddr_ctrl_phy
2026-02-19 08:25:37,141 [INFO] IPUIPlugin:80 - create IPUIPlugin
2026-02-19 08:25:37,141 [INFO] PluginManager:220 - loadIPPluginJar : add sai
2026-02-19 08:25:37,144 [INFO] IPUIPlugin:80 - create IPUIPlugin
2026-02-19 08:25:37,145 [INFO] PluginManager:220 - loadIPPluginJar : add i2c
2026-02-19 08:25:37,150 [INFO] IPUIPlugin:80 - create IPUIPlugin
2026-02-19 08:25:37,150 [INFO] PluginManager:220 - loadIPPluginJar : add adc
2026-02-19 08:25:37,152 [INFO] IPUIPlugin:80 - create IPUIPlugin
2026-02-19 08:25:37,152 [INFO] PluginManager:220 - loadIPPluginJar : add tracer_emb
2026-02-19 08:25:37,155 [INFO] IPUIPlugin:80 - create IPUIPlugin
2026-02-19 08:25:37,155 [INFO] PluginManager:220 - loadIPPluginJar : add ipddr
2026-02-19 08:25:37,157 [INFO] IPUIPlugin:80 - create IPUIPlugin
2026-02-19 08:25:37,157 [INFO] PluginManager:220 - loadIPPluginJar : add ts
2026-02-19 08:25:37,158 [INFO] IPUIPlugin:80 - create IPUIPlugin
2026-02-19 08:25:37,158 [INFO] PluginManager:220 - loadIPPluginJar : add quadspi
2026-02-19 08:25:37,161 [INFO] IPUIPlugin:80 - create IPUIPlugin
2026-02-19 08:25:37,161 [INFO] PluginManager:220 - loadIPPluginJar : add can
2026-02-19 08:25:37,166 [INFO] IPUIPlugin:80 - create IPUIPlugin
2026-02-19 08:25:37,166 [INFO] PluginManager:220 - loadIPPluginJar : add fmc
2026-02-19 08:25:37,168 [INFO] IPUIPlugin:80 - create IPUIPlugin
2026-02-19 08:25:37,169 [INFO] PluginManager:220 - loadIPPluginJar : add pdm2pcm
2026-02-19 08:25:37,171 [INFO] IPUIPlugin:80 - create IPUIPlugin
2026-02-19 08:25:37,171 [INFO] PluginManager:220 - loadIPPluginJar : add resmgrutility
2026-02-19 08:25:37,173 [INFO] IPUIPlugin:80 - create IPUIPlugin
2026-02-19 08:25:37,173 [INFO] PluginManager:220 - loadIPPluginJar : add gtzc
2026-02-19 08:25:37,175 [INFO] IPUIPlugin:80 - create IPUIPlugin
2026-02-19 08:25:37,175 [INFO] PluginManager:220 - loadIPPluginJar : add tim
2026-02-19 08:25:37,178 [INFO] IPUIPlugin:80 - create IPUIPlugin
2026-02-19 08:25:37,178 [INFO] PluginManager:220 - loadIPPluginJar : add touchsensing
2026-02-19 08:25:37,181 [INFO] IPUIPlugin:80 - create IPUIPlugin
2026-02-19 08:25:37,181 [INFO] PluginManager:220 - loadIPPluginJar : add i3c
2026-02-19 08:25:37,184 [INFO] IPUIPlugin:80 - create IPUIPlugin
2026-02-19 08:25:37,184 [INFO] PluginManager:220 - loadIPPluginJar : add nvic
2026-02-19 08:25:37,186 [INFO] IPUIPlugin:80 - create IPUIPlugin
2026-02-19 08:25:37,186 [INFO] PluginManager:220 - loadIPPluginJar : add dma3
2026-02-19 08:25:37,188 [INFO] IPUIPlugin:80 - create IPUIPlugin
2026-02-19 08:25:37,189 [INFO] PluginManager:220 - loadIPPluginJar : add opamp
2026-02-19 08:25:37,191 [INFO] IPUIPlugin:80 - create IPUIPlugin
2026-02-19 08:25:37,191 [INFO] PluginManager:220 - loadIPPluginJar : add usart
2026-02-19 08:25:37,193 [INFO] IPUIPlugin:80 - create IPUIPlugin
2026-02-19 08:25:37,193 [INFO] PluginManager:220 - loadIPPluginJar : add spi
2026-02-19 08:25:37,198 [INFO] IPUIPlugin:80 - create IPUIPlugin
2026-02-19 08:25:37,198 [INFO] PluginManager:220 - loadIPPluginJar : add gpio
2026-02-19 08:25:37,203 [INFO] IPUIPlugin:80 - create IPUIPlugin
2026-02-19 08:25:37,203 [INFO] PluginManager:220 - loadIPPluginJar : add dma
2026-02-19 08:25:37,204 [INFO] IPUIPlugin:80 - create IPUIPlugin
2026-02-19 08:25:37,205 [INFO] PluginManager:220 - loadIPPluginJar : add ltdc
2026-02-19 08:25:37,207 [INFO] IPUIPlugin:80 - create IPUIPlugin
2026-02-19 08:25:37,207 [INFO] PluginManager:220 - loadIPPluginJar : add lorawan
2026-02-19 08:25:37,209 [INFO] IPUIPlugin:80 - create IPUIPlugin
2026-02-19 08:25:37,209 [INFO] PluginManager:220 - loadIPPluginJar : add ucpd
2026-02-19 08:25:37,212 [INFO] IPUIPlugin:80 - create IPUIPlugin
2026-02-19 08:25:37,212 [INFO] PluginManager:220 - loadIPPluginJar : add extmemmanager
2026-02-19 08:25:37,314 [FATAL] Updater:351 - Updater called before beeing initialized
2026-02-19 08:25:37,337 [INFO] RulesReader:64 - Compatibility file has been processed (297 Rules)
2026-02-19 08:25:37,345 [INFO] RulesReader:64 - Compatibility file has been processed (297 Rules)
2026-02-19 08:25:37,351 [INFO] CADModel:165 - CPN selected for project level
2026-02-19 08:25:37,351 [INFO] CADModel:114 - Register for checkConnection events
2026-02-19 08:25:37,351 [FATAL] Updater:351 - Updater called before beeing initialized
2026-02-19 08:25:37,352 [ERROR] CADModel:125 - Updater not yet initialized, retry later 
2026-02-19 08:25:37,472 [FATAL] Updater:351 - Updater called before beeing initialized
2026-02-19 08:25:37,474 [INFO] CADModel:165 - CPN selected for project level
2026-02-19 08:25:37,474 [INFO] CADModel:114 - Register for checkConnection events
2026-02-19 08:25:37,474 [FATAL] Updater:351 - Updater called before beeing initialized
2026-02-19 08:25:37,474 [ERROR] CADModel:125 - Updater not yet initialized, retry later 
2026-02-19 08:25:37,477 [FATAL] Updater:351 - Updater called before beeing initialized
2026-02-19 08:25:37,539 [FATAL] Updater:351 - Updater called before beeing initialized
2026-02-19 08:25:37,542 [INFO] DbMcusAds:53 - JSON generation date=Tue Feb 10 13:16:36 CET 2026 (1770725796257)
2026-02-19 08:25:37,543 [FATAL] Updater:351 - Updater called before beeing initialized
2026-02-19 08:25:37,568 [WARN] DetailPanel:346 - Failed to get advertising image, set to default
2026-02-19 08:25:37,763 [FATAL] Updater:351 - Updater called before beeing initialized
2026-02-19 08:25:37,765 [FATAL] Updater:351 - Updater called before beeing initialized
2026-02-19 08:25:37,765 [FATAL] Updater:351 - Updater called before beeing initialized
2026-02-19 08:25:37,765 [WARN] DetailPanel:346 - Failed to get advertising image, set to default
2026-02-19 08:25:37,766 [FATAL] Updater:351 - Updater called before beeing initialized
2026-02-19 08:25:37,806 [ERROR] Updater:1198 - MainUpdater not yet initialized. External WinMGr cannot be set.
2026-02-19 08:25:37,807 [INFO] Updater:1134 - Updater Version found : 6.13.0
2026-02-19 08:25:37,820 [INFO] ApplicationProperties:184 - Using Application install path: /opt/st/stm32cubeide_1.17.0/plugins/com.st.stm32cube.common.mx_6.13.0.202411220809
2026-02-19 08:25:38,020 [INFO] MainUpdater:2872 - connection check result : 10
2026-02-19 08:25:38,021 [INFO] MainUpdater:289 - Updater Check For Update Now.
2026-02-19 08:25:38,021 [INFO] MicroXplorer:498 - Change Database Version : DB.6.0.130
2026-02-19 08:25:38,026 [INFO] McuFinderGlobals:63 - Set McuFinder mode to 2 (CubeIDE integrated)
2026-02-19 08:25:38,026 [INFO] UserAuth:171 - activating auth plugin
2026-02-19 08:25:38,029 [INFO] UserAuth:486 - Internet connection configuration mode: 1
2026-02-19 08:25:38,040 [INFO] JxBrowserEngine:152 - Initiate JxBrowser Engine with user profile folder
2026-02-19 08:25:38,194 [INFO] CheckServerUpdateThread:120 - End of CheckServer Thread
2026-02-19 08:25:38,776 [INFO] WebApp:168 - Instantiating new browser for Auth
2026-02-19 08:25:39,505 [INFO] WebApp:449 - Apply proxy settings
2026-02-19 08:25:39,505 [INFO] WebApp:534 - Chromium requires no authentication
2026-02-19 08:25:39,513 [INFO] WebApp:477 - Direct internet connection detected
2026-02-19 08:25:39,534 [INFO] WebApp:880 - Register for checkConnection events
2026-02-19 08:25:39,534 [INFO] WebApp:449 - Apply proxy settings
2026-02-19 08:25:39,534 [INFO] WebApp:534 - Chromium requires no authentication
2026-02-19 08:25:39,536 [INFO] WebApp:477 - Direct internet connection detected
2026-02-19 08:25:39,710 [INFO] WebApp:187 - Connection restablished
2026-02-19 08:25:39,714 [INFO] WebApp:221 - Starting web application
2026-02-19 08:25:39,714 [INFO] WebApp:579 - Web application path used /opt/st/stm32cubeide_1.17.0/plugins/com.st.stm32cube.common.mx_6.13.0.202411220809/db/plugins/mcufinder/reactClient1/index.html
2026-02-19 08:25:39,890 [WARN] PackLoader:240 - Cannot read IP mode file for STMicroelectronics.FP-SNS-MOTENVWB1.1.4.0
2026-02-19 08:25:39,903 [WARN] PackLoader:240 - Cannot read IP mode file for STMicroelectronics.FP-ATR-ASTRA1.2.0.2
2026-02-19 08:25:39,912 [WARN] PackLoader:240 - Cannot read IP mode file for STMicroelectronics.X-CUBE-SMBUS.2.1.0
2026-02-19 08:25:39,967 [WARN] PackLoader:240 - Cannot read IP mode file for STMicroelectronics.X-CUBE-AZRTOS-F7.1.1.0
2026-02-19 08:25:39,977 [ERROR] Engine:466 - /home/lucasa/.stm32cubemx/thirdparties/pdsc/STMicroelectronics.FP-SNS-MOTENV1.5.1.0.pdsc: PDSC version is not supported
2026-02-19 08:25:39,981 [ERROR] Engine:466 - /home/lucasa/.stm32cubemx/thirdparties/pdsc/WES.I-CUBE-Cesium.1.4.0.pdsc: PDSC version is not supported
2026-02-19 08:25:40,012 [WARN] PackLoader:240 - Cannot read IP mode file for STMicroelectronics.X-CUBE-AZRTOS-H7.3.4.0
2026-02-19 08:25:40,032 [WARN] PackLoader:240 - Cannot read IP mode file for STMicroelectronics.X-CUBE-DISPLAY.3.0.0
2026-02-19 08:25:40,054 [ERROR] Engine:466 - /home/lucasa/.stm32cubemx/thirdparties/pdsc/STMicroelectronics.FP-SNS-MOTENVWB1.1.5.0.pdsc: PDSC version is not supported
2026-02-19 08:25:40,061 [WARN] PackLoader:240 - Cannot read IP mode file for STMicroelectronics.X-CUBE-NFC10.1.0.0
2026-02-19 08:25:40,071 [WARN] PackLoader:240 - Cannot read IP mode file for STMicroelectronics.X-CUBE-ST60.1.1.0
2026-02-19 08:25:40,080 [WARN] PackLoader:240 - Cannot read IP mode file for emotas.I-CUBE-CANOPEN.1.3.0
2026-02-19 08:25:40,086 [WARN] PackLoader:240 - Cannot read IP mode file for STMicroelectronics.X-CUBE-GNSS1.7.1.0
2026-02-19 08:25:40,094 [ERROR] Engine:466 - /home/lucasa/.stm32cubemx/thirdparties/pdsc/STMicroelectronics.FP-SNS-STBOX1.2.1.0.pdsc: PDSC version is not supported
2026-02-19 08:25:40,097 [WARN] PackLoader:240 - Cannot read IP mode file for STMicroelectronics.FP-SNS-SMARTAG2.1.2.0
2026-02-19 08:25:40,102 [WARN] PackLoader:240 - Cannot read IP mode file for STMicroelectronics.FP-SNS-FLIGHT1.5.1.0
2026-02-19 08:25:40,113 [INFO] LogOutputStream:77 - [STDOUT_REDIRECT] 1 : Invalid condition id : UX_CORESTACK_Condition cause : null
2026-02-19 08:25:40,113 [INFO] LogOutputStream:77 - [STDOUT_REDIRECT] 1 : Invalid condition id : UX_CORESTACK_Condition cause : null
2026-02-19 08:25:40,114 [INFO] LogOutputStream:77 - [STDOUT_REDIRECT] 1 : Invalid condition id : UX_CORESTACK_Condition cause : null
2026-02-19 08:25:40,115 [INFO] LogOutputStream:77 - [STDOUT_REDIRECT] 1 : Invalid condition id : UX_CORESTACK_Condition cause : null
2026-02-19 08:25:40,116 [INFO] LogOutputStream:77 - [STDOUT_REDIRECT] 1 : Invalid condition id : UX_CORESTACK_Condition cause : null
2026-02-19 08:25:40,121 [WARN] PackLoader:240 - Cannot read IP mode file for STMicroelectronics.X-CUBE-AZRTOS-WL.2.0.0
2026-02-19 08:25:40,147 [WARN] PackLoader:240 - Cannot read IP mode file for STMicroelectronics.X-CUBE-AZRTOS-H7RS.1.2.0
2026-02-19 08:25:40,159 [WARN] PackLoader:240 - Cannot read IP mode file for STMicroelectronics.X-CUBE-BLE2.3.3.0
2026-02-19 08:25:40,199 [WARN] PackLoader:240 - Cannot read IP mode file for Infineon.AIROC-Wi-Fi-Bluetooth-STM32.1.8.0
2026-02-19 08:25:40,225 [WARN] PackLoader:240 - Cannot read IP mode file for STMicroelectronics.X-CUBE-NFC9.1.0.0
2026-02-19 08:25:40,234 [WARN] PackLoader:240 - Cannot read IP mode file for STMicroelectronics.X-CUBE-BLE1.7.1.0
2026-02-19 08:25:40,238 [WARN] PackLoader:240 - Cannot read IP mode file for wolfSSL.I-CUBE-wolfMQTT.1.19.2
2026-02-19 08:25:40,242 [ERROR] Engine:466 - /home/lucasa/.stm32cubemx/thirdparties/pdsc/STMicroelectronics.X-CUBE-FREERTOS.1.4.0.pdsc: PDSC version is not supported
2026-02-19 08:25:40,246 [WARN] PackLoader:240 - Cannot read IP mode file for STMicroelectronics.X-CUBE-EEPRMA1.5.2.0
2026-02-19 08:25:40,257 [WARN] PackLoader:240 - Cannot read IP mode file for wolfSSL.I-CUBE-wolfSSL.5.8.4
2026-02-19 08:25:40,261 [WARN] PackLoader:240 - Cannot read IP mode file for Cesanta.I-CUBE-Mongoose.7.20.0
2026-02-19 08:25:40,329 [WARN] PackLoader:240 - Cannot read IP mode file for STMicroelectronics.X-CUBE-MEMS1.12.0.0
2026-02-19 08:25:40,600 [WARN] PackLoader:240 - Cannot read IP mode file for STMicroelectronics.X-CUBE-AZRTOS-G0.1.1.0
2026-02-19 08:25:40,606 [WARN] PackLoader:240 - Cannot read IP mode file for STMicroelectronics.X-CUBE-NFC4.3.0.0
2026-02-19 08:25:40,613 [WARN] PackLoader:240 - Cannot read IP mode file for EmbeddedOffice.I-CUBE-FS-RTOS.1.0.1
2026-02-19 08:25:40,619 [WARN] PackLoader:240 - Cannot read IP mode file for STMicroelectronics.X-CUBE-WB05N.2.0.0
2026-02-19 08:25:40,622 [WARN] PackLoader:240 - Cannot read IP mode file for wolfSSL.I-CUBE-wolfTPM.3.8.0
2026-02-19 08:25:40,626 [WARN] PackLoader:240 - Cannot read IP mode file for STMicroelectronics.X-CUBE-TCPP.4.2.0
2026-02-19 08:25:40,632 [WARN] PackLoader:240 - Cannot read IP mode file for RealThread.X-CUBE-RT-Thread_Nano.4.1.1
2026-02-19 08:25:40,636 [WARN] PackLoader:240 - Cannot read IP mode file for STMicroelectronics.FP-ATR-SIGFOX1.3.2.0
2026-02-19 08:25:40,639 [WARN] PackLoader:240 - Cannot read IP mode file for ITTIA_DB.I-CUBE-ITTIADB.8.9.0
2026-02-19 08:25:40,643 [WARN] PackLoader:240 - Cannot read IP mode file for STMicroelectronics.X-CUBE-NFC6.3.2.0
2026-02-19 08:25:40,652 [WARN] PackLoader:240 - Cannot read IP mode file for STMicroelectronics.X-CUBE-AI.10.2.0
2026-02-19 08:25:40,676 [WARN] PackLoader:240 - Cannot read IP mode file for SEGGER.I-CUBE-embOS.1.3.1
2026-02-19 08:25:40,774 [WARN] PackLoader:240 - Cannot read IP mode file for STMicroelectronics.X-CUBE-ALGOBUILD.1.4.0
2026-02-19 08:25:40,778 [WARN] PackLoader:240 - Cannot read IP mode file for STMicroelectronics.X-CUBE-PM33A1.1.0.0
2026-02-19 08:25:40,789 [WARN] PackLoader:240 - Cannot read IP mode file for STMicroelectronics.X-CUBE-AZRTOS-F4.1.1.0
2026-02-19 08:25:40,795 [WARN] PackLoader:240 - Cannot read IP mode file for STMicroelectronics.X-CUBE-ISPU.2.1.0
2026-02-19 08:25:40,799 [ERROR] Engine:466 - /home/lucasa/.stm32cubemx/thirdparties/pdsc/STMicroelectronics.X-CUBE-IPS.3.2.0.pdsc: PDSC version is not supported
2026-02-19 08:25:40,802 [WARN] PackLoader:240 - Cannot read IP mode file for STMicroelectronics.X-CUBE-NFC12.1.0.0
2026-02-19 08:25:40,815 [WARN] PackLoader:240 - Cannot read IP mode file for STMicroelectronics.X-CUBE-AZRTOS-L5.2.0.0
2026-02-19 08:25:40,822 [WARN] PackLoader:240 - Cannot read IP mode file for STMicroelectronics.X-CUBE-TOUCHGFX.4.26.0
2026-02-19 08:25:40,825 [WARN] PackLoader:240 - Cannot read IP mode file for STMicroelectronics.FP-SNS-STAIOTCFT.1.0.0
2026-02-19 08:25:40,828 [WARN] PackLoader:240 - Cannot read IP mode file for STMicroelectronics.X-CUBE-DPower.1.3.0
2026-02-19 08:25:40,838 [WARN] ConditionMgr:438 - getConditionDescription Invalid condition id : LAN8742 Phy interface Condition cause : null
2026-02-19 08:25:40,838 [WARN] PackLoader:240 - Cannot read IP mode file for STMicroelectronics.X-CUBE-AZRTOS-L4.2.0.0
2026-02-19 08:25:40,840 [WARN] ConditionMgr:1044 - genDependencies : Invalid condition id : LAN8742 Phy interface Condition cause : null
2026-02-19 08:25:40,841 [WARN] ConditionMgr:1044 - genDependencies : Invalid condition id : LAN8742 Phy interface Condition cause : null
2026-02-19 08:25:40,841 [WARN] ConditionMgr:1044 - genDependencies : Invalid condition id : LAN8742 Phy interface Condition cause : null
2026-02-19 08:25:40,846 [WARN] PackLoader:240 - Cannot read IP mode file for STMicroelectronics.X-CUBE-SFXS2LP1.4.0.0
2026-02-19 08:25:40,852 [ERROR] Engine:466 - /home/lucasa/.stm32cubemx/thirdparties/pdsc/STMicroelectronics.X-CUBE-ST67W61.1.2.0.pdsc: PDSC version is not supported
2026-02-19 08:25:40,857 [WARN] PackLoader:240 - Cannot read IP mode file for STMicroelectronics.X-CUBE-BLEMGR.4.1.0
2026-02-19 08:25:40,869 [WARN] ConditionMgr:438 - getConditionDescription Invalid condition id : UX DEVICE CLASS RTOS Condition cause : null
2026-02-19 08:25:40,869 [WARN] ConditionMgr:438 - getConditionDescription Invalid condition id : UX DEVICE CLASS RTOS Condition cause : null
2026-02-19 08:25:40,870 [WARN] PackLoader:240 - Cannot read IP mode file for STMicroelectronics.X-CUBE-AZRTOS-WB.2.0.0
2026-02-19 08:25:40,871 [WARN] ConditionMgr:1044 - genDependencies : Invalid condition id : UX DEVICE CLASS RTOS Condition cause : null
2026-02-19 08:25:40,871 [WARN] ConditionMgr:1044 - genDependencies : Invalid condition id : UX DEVICE CLASS RTOS Condition cause : null
2026-02-19 08:25:40,872 [WARN] ConditionMgr:1044 - genDependencies : Invalid condition id : UX DEVICE CLASS RTOS Condition cause : null
2026-02-19 08:25:40,872 [WARN] ConditionMgr:1044 - genDependencies : Invalid condition id : UX DEVICE CLASS RTOS Condition cause : null
2026-02-19 08:25:40,872 [WARN] ConditionMgr:1044 - genDependencies : Invalid condition id : UX DEVICE CLASS RTOS Condition cause : null
2026-02-19 08:25:40,875 [WARN] ConditionMgr:438 - getConditionDescription Invalid condition id : Cortex-A Device cause : null
2026-02-19 08:25:40,879 [WARN] ConditionMgr:1044 - genDependencies : Invalid condition id : Cortex-A Device cause : null
2026-02-19 08:25:40,879 [WARN] ConditionMgr:1044 - genDependencies : Invalid condition id : Cortex-A Device cause : null
2026-02-19 08:25:40,880 [WARN] ConditionMgr:1044 - genDependencies : Invalid condition id : Cortex-A Device cause : null
2026-02-19 08:25:40,883 [WARN] PackLoader:240 - Cannot read IP mode file for STMicroelectronics.X-CUBE-STSE01.2.0.0
2026-02-19 08:25:40,894 [WARN] PackLoader:240 - Cannot read IP mode file for STMicroelectronics.X-CUBE-SUBG2.5.0.0
2026-02-19 08:25:40,924 [WARN] PackLoader:240 - Cannot read IP mode file for STMicroelectronics.X-CUBE-AZRTOS-G4.2.0.0
2026-02-19 08:25:40,928 [WARN] PackLoader:240 - Cannot read IP mode file for wolfSSL.I-CUBE-wolfSSH.1.4.20
2026-02-19 08:25:40,931 [WARN] PackLoader:240 - Cannot read IP mode file for STMicroelectronics.X-CUBE-NFC7.2.0.0
2026-02-19 08:25:40,935 [WARN] PackLoader:240 - Cannot read IP mode file for STMicroelectronics.X-CUBE-ALS.1.0.2
2026-02-19 08:25:40,942 [WARN] PackLoader:240 - Cannot read IP mode file for STMicroelectronics.X-CUBE-TOF1.3.4.3
2026-02-19 08:25:40,978 [INFO] ThirdParty:978 - Integrity check success = true
2026-02-19 08:25:40,978 [INFO] IntegrityCheckThread:100 - exiting critical section [integrity check]
2026-02-19 08:25:40,978 [INFO] IntegrityCheckThread:103 - End integrity checks thread
2026-02-19 08:26:17,145 [ERROR] LogOutputStream:75 - [STDERR_REDIRECT] 
